{"uuid":"23f17908-b2ee-4d4b-9b85-25bd3476b2f3","historyId":"35fdcad0592267aae3552119d5041788","fullName":"Multiple Assignment Deletion: Click No","labels":[{"name":"host","value":"Aruns-MacBook-Pro.local"},{"name":"thread","value":"5857@Aruns-MacBook-Pro.local.main(1)"},{"name":"feature","value":"Multiple Assignment Deletion"},{"name":"story","value":"Click No"},{"name":"suite","value":"Multiple Assignment Deletion"},{"name":"testClass","value":"Click No"},{"name":"framework","value":"cucumber4jvm"},{"name":"language","value":"java"},{"name":"gherkin_uri","value":"file:///Users/Indu/Indu_Files/LMS_Cucumber_Automation/LMS_Automation_Cucumber/BDD_Framework_LMS_Project/src/test/resources/Features/Multiple%20_Assignment_Deletion_V1_Seema.feature"},{"name":"package","value":"src.test.resources.Features.Multiple _Assignment_Deletion_V1_Seema_feature.Multiple Assignment Deletion"}],"links":[],"name":"Click No","status":"broken","statusDetails":{"known":false,"muted":false,"flaky":false,"message":"no such element: Unable to locate element: {\"method\":\"xpath\",\"selector\":\"/html/body/app-root/app-assignment/p-confirmdialog/div/div/div[3]/button[1]\"}\n  (Session info: chrome=105.0.5195.125)\nFor documentation on this error, please visit: https://selenium.dev/exceptions/#no_such_element\nBuild info: version: '4.4.0', revision: 'e5c75ed026a'\nSystem info: host: 'Aruns-MacBook-Pro.local', ip: '2607:fea8:f423:bb00:0:0:0:12f6%en0', os.name: 'Mac OS X', os.arch: 'x86_64', os.version: '12.6', java.version: '17.0.1'\nDriver info: org.openqa.selenium.chrome.ChromeDriver\nCommand: [00d09830e202ce7e6b922dd2c0adc914, findElement {using=xpath, value=/html/body/app-root/app-assignment/p-confirmdialog/div/div/div[3]/button[1]}]\nCapabilities {acceptInsecureCerts: false, browserName: chrome, browserVersion: 105.0.5195.125, chrome: {chromedriverVersion: 105.0.5195.52 (412c95e51883..., userDataDir: /var/folders/8f/p8617mv91kz...}, goog:chromeOptions: {debuggerAddress: localhost:51827}, networkConnectionEnabled: false, pageLoadStrategy: normal, platformName: MAC, proxy: Proxy(), se:cdp: ws://localhost:51827/devtoo..., se:cdpVersion: 105.0.5195.125, setWindowRect: true, strictFileInteractability: false, timeouts: {implicit: 0, pageLoad: 300000, script: 30000}, unhandledPromptBehavior: dismiss and notify, webauthn:extension:credBlob: true, webauthn:extension:largeBlob: true, webauthn:virtualAuthenticators: true}\nSession ID: 00d09830e202ce7e6b922dd2c0adc914","trace":"org.openqa.selenium.NoSuchElementException: no such element: Unable to locate element: {\"method\":\"xpath\",\"selector\":\"/html/body/app-root/app-assignment/p-confirmdialog/div/div/div[3]/button[1]\"}\n  (Session info: chrome=105.0.5195.125)\nFor documentation on this error, please visit: https://selenium.dev/exceptions/#no_such_element\nBuild info: version: '4.4.0', revision: 'e5c75ed026a'\nSystem info: host: 'Aruns-MacBook-Pro.local', ip: '2607:fea8:f423:bb00:0:0:0:12f6%en0', os.name: 'Mac OS X', os.arch: 'x86_64', os.version: '12.6', java.version: '17.0.1'\nDriver info: org.openqa.selenium.chrome.ChromeDriver\nCommand: [00d09830e202ce7e6b922dd2c0adc914, findElement {using=xpath, value=/html/body/app-root/app-assignment/p-confirmdialog/div/div/div[3]/button[1]}]\nCapabilities {acceptInsecureCerts: false, browserName: chrome, browserVersion: 105.0.5195.125, chrome: {chromedriverVersion: 105.0.5195.52 (412c95e51883..., userDataDir: /var/folders/8f/p8617mv91kz...}, goog:chromeOptions: {debuggerAddress: localhost:51827}, networkConnectionEnabled: false, pageLoadStrategy: normal, platformName: MAC, proxy: Proxy(), se:cdp: ws://localhost:51827/devtoo..., se:cdpVersion: 105.0.5195.125, setWindowRect: true, strictFileInteractability: false, timeouts: {implicit: 0, pageLoad: 300000, script: 30000}, unhandledPromptBehavior: dismiss and notify, webauthn:extension:credBlob: true, webauthn:extension:largeBlob: true, webauthn:virtualAuthenticators: true}\nSession ID: 00d09830e202ce7e6b922dd2c0adc914\n\tat java.base/jdk.internal.reflect.NativeConstructorAccessorImpl.newInstance0(Native Method)\n\tat java.base/jdk.internal.reflect.NativeConstructorAccessorImpl.newInstance(NativeConstructorAccessorImpl.java:77)\n\tat java.base/jdk.internal.reflect.DelegatingConstructorAccessorImpl.newInstance(DelegatingConstructorAccessorImpl.java:45)\n\tat java.base/java.lang.reflect.Constructor.newInstanceWithCaller(Constructor.java:499)\n\tat java.base/java.lang.reflect.Constructor.newInstance(Constructor.java:480)\n\tat org.openqa.selenium.remote.codec.w3c.W3CHttpResponseCodec.createException(W3CHttpResponseCodec.java:200)\n\tat org.openqa.selenium.remote.codec.w3c.W3CHttpResponseCodec.decode(W3CHttpResponseCodec.java:133)\n\tat org.openqa.selenium.remote.codec.w3c.W3CHttpResponseCodec.decode(W3CHttpResponseCodec.java:53)\n\tat org.openqa.selenium.remote.HttpCommandExecutor.execute(HttpCommandExecutor.java:184)\n\tat org.openqa.selenium.remote.service.DriverCommandExecutor.invokeExecute(DriverCommandExecutor.java:167)\n\tat org.openqa.selenium.remote.service.DriverCommandExecutor.execute(DriverCommandExecutor.java:142)\n\tat org.openqa.selenium.remote.RemoteWebDriver.execute(RemoteWebDriver.java:547)\n\tat org.openqa.selenium.remote.ElementLocation$ElementFinder$2.findElement(ElementLocation.java:162)\n\tat org.openqa.selenium.remote.ElementLocation.findElement(ElementLocation.java:60)\n\tat org.openqa.selenium.remote.RemoteWebDriver.findElement(RemoteWebDriver.java:365)\n\tat org.openqa.selenium.remote.RemoteWebDriver.findElement(RemoteWebDriver.java:357)\n\tat LMS_Pages.Assignmentpage_V1_Seema.clickno(Assignmentpage_V1_Seema.java:177)\n\tat stepDefinition.steps_V1_Seema.user_clicks_no_button(steps_V1_Seema.java:236)\n\tat ✽.User clicks <No> button(file:///Users/Indu/Indu_Files/LMS_Cucumber_Automation/LMS_Automation_Cucumber/BDD_Framework_LMS_Project/src/test/resources/Features/Multiple%20_Assignment_Deletion_V1_Seema.feature:17)\n"},"stage":"finished","steps":[{"name":"Given  User is on Confirm Deletion form","status":"passed","statusDetails":{"known":false,"muted":false,"flaky":false},"stage":"finished","steps":[],"attachments":[],"parameters":[],"start":1664242341646,"stop":1664242341647},{"name":"When  User clicks <No> button","status":"broken","statusDetails":{"known":false,"muted":false,"flaky":false,"message":"no such element: Unable to locate element: {\"method\":\"xpath\",\"selector\":\"/html/body/app-root/app-assignment/p-confirmdialog/div/div/div[3]/button[1]\"}\n  (Session info: chrome=105.0.5195.125)\nFor documentation on this error, please visit: https://selenium.dev/exceptions/#no_such_element\nBuild info: version: '4.4.0', revision: 'e5c75ed026a'\nSystem info: host: 'Aruns-MacBook-Pro.local', ip: '2607:fea8:f423:bb00:0:0:0:12f6%en0', os.name: 'Mac OS X', os.arch: 'x86_64', os.version: '12.6', java.version: '17.0.1'\nDriver info: org.openqa.selenium.chrome.ChromeDriver\nCommand: [00d09830e202ce7e6b922dd2c0adc914, findElement {using=xpath, value=/html/body/app-root/app-assignment/p-confirmdialog/div/div/div[3]/button[1]}]\nCapabilities {acceptInsecureCerts: false, browserName: chrome, browserVersion: 105.0.5195.125, chrome: {chromedriverVersion: 105.0.5195.52 (412c95e51883..., userDataDir: /var/folders/8f/p8617mv91kz...}, goog:chromeOptions: {debuggerAddress: localhost:51827}, networkConnectionEnabled: false, pageLoadStrategy: normal, platformName: MAC, proxy: Proxy(), se:cdp: ws://localhost:51827/devtoo..., se:cdpVersion: 105.0.5195.125, setWindowRect: true, strictFileInteractability: false, timeouts: {implicit: 0, pageLoad: 300000, script: 30000}, unhandledPromptBehavior: dismiss and notify, webauthn:extension:credBlob: true, webauthn:extension:largeBlob: true, webauthn:virtualAuthenticators: true}\nSession ID: 00d09830e202ce7e6b922dd2c0adc914","trace":"org.openqa.selenium.NoSuchElementException: no such element: Unable to locate element: {\"method\":\"xpath\",\"selector\":\"/html/body/app-root/app-assignment/p-confirmdialog/div/div/div[3]/button[1]\"}\n  (Session info: chrome=105.0.5195.125)\nFor documentation on this error, please visit: https://selenium.dev/exceptions/#no_such_element\nBuild info: version: '4.4.0', revision: 'e5c75ed026a'\nSystem info: host: 'Aruns-MacBook-Pro.local', ip: '2607:fea8:f423:bb00:0:0:0:12f6%en0', os.name: 'Mac OS X', os.arch: 'x86_64', os.version: '12.6', java.version: '17.0.1'\nDriver info: org.openqa.selenium.chrome.ChromeDriver\nCommand: [00d09830e202ce7e6b922dd2c0adc914, findElement {using=xpath, value=/html/body/app-root/app-assignment/p-confirmdialog/div/div/div[3]/button[1]}]\nCapabilities {acceptInsecureCerts: false, browserName: chrome, browserVersion: 105.0.5195.125, chrome: {chromedriverVersion: 105.0.5195.52 (412c95e51883..., userDataDir: /var/folders/8f/p8617mv91kz...}, goog:chromeOptions: {debuggerAddress: localhost:51827}, networkConnectionEnabled: false, pageLoadStrategy: normal, platformName: MAC, proxy: Proxy(), se:cdp: ws://localhost:51827/devtoo..., se:cdpVersion: 105.0.5195.125, setWindowRect: true, strictFileInteractability: false, timeouts: {implicit: 0, pageLoad: 300000, script: 30000}, unhandledPromptBehavior: dismiss and notify, webauthn:extension:credBlob: true, webauthn:extension:largeBlob: true, webauthn:virtualAuthenticators: true}\nSession ID: 00d09830e202ce7e6b922dd2c0adc914\n\tat java.base/jdk.internal.reflect.NativeConstructorAccessorImpl.newInstance0(Native Method)\n\tat java.base/jdk.internal.reflect.NativeConstructorAccessorImpl.newInstance(NativeConstructorAccessorImpl.java:77)\n\tat java.base/jdk.internal.reflect.DelegatingConstructorAccessorImpl.newInstance(DelegatingConstructorAccessorImpl.java:45)\n\tat java.base/java.lang.reflect.Constructor.newInstanceWithCaller(Constructor.java:499)\n\tat java.base/java.lang.reflect.Constructor.newInstance(Constructor.java:480)\n\tat org.openqa.selenium.remote.codec.w3c.W3CHttpResponseCodec.createException(W3CHttpResponseCodec.java:200)\n\tat org.openqa.selenium.remote.codec.w3c.W3CHttpResponseCodec.decode(W3CHttpResponseCodec.java:133)\n\tat org.openqa.selenium.remote.codec.w3c.W3CHttpResponseCodec.decode(W3CHttpResponseCodec.java:53)\n\tat org.openqa.selenium.remote.HttpCommandExecutor.execute(HttpCommandExecutor.java:184)\n\tat org.openqa.selenium.remote.service.DriverCommandExecutor.invokeExecute(DriverCommandExecutor.java:167)\n\tat org.openqa.selenium.remote.service.DriverCommandExecutor.execute(DriverCommandExecutor.java:142)\n\tat org.openqa.selenium.remote.RemoteWebDriver.execute(RemoteWebDriver.java:547)\n\tat org.openqa.selenium.remote.ElementLocation$ElementFinder$2.findElement(ElementLocation.java:162)\n\tat org.openqa.selenium.remote.ElementLocation.findElement(ElementLocation.java:60)\n\tat org.openqa.selenium.remote.RemoteWebDriver.findElement(RemoteWebDriver.java:365)\n\tat org.openqa.selenium.remote.RemoteWebDriver.findElement(RemoteWebDriver.java:357)\n\tat LMS_Pages.Assignmentpage_V1_Seema.clickno(Assignmentpage_V1_Seema.java:177)\n\tat stepDefinition.steps_V1_Seema.user_clicks_no_button(steps_V1_Seema.java:236)\n\tat ✽.User clicks <No> button(file:///Users/Indu/Indu_Files/LMS_Cucumber_Automation/LMS_Automation_Cucumber/BDD_Framework_LMS_Project/src/test/resources/Features/Multiple%20_Assignment_Deletion_V1_Seema.feature:17)\n"},"stage":"finished","steps":[],"attachments":[],"parameters":[],"start":1664242341647,"stop":1664242371683},{"name":"Then  User can see Confirm Deletion form disappears","status":"skipped","statusDetails":{"known":false,"muted":false,"flaky":false},"stage":"finished","steps":[],"attachments":[],"parameters":[],"start":1664242371684,"stop":1664242371684}],"attachments":[],"parameters":[],"start":1664242341646,"stop":1664242371685}