{"uuid":"2e9077e9-9378-472d-8d26-0c1846ac1494","historyId":"82e33b2f62e79f6ef76b96531d6b3162","fullName":"No of Records: Validate that number of records (rows of data in the table) displayed","labels":[{"name":"host","value":"Aruns-MacBook-Pro.local"},{"name":"thread","value":"5857@Aruns-MacBook-Pro.local.main(1)"},{"name":"feature","value":"No of Records"},{"name":"story","value":"Validate that number of records (rows of data in the table) displayed"},{"name":"suite","value":"No of Records"},{"name":"testClass","value":"Validate that number of records (rows of data in the table) displayed"},{"name":"framework","value":"cucumber4jvm"},{"name":"language","value":"java"},{"name":"gherkin_uri","value":"file:///Users/Indu/Indu_Files/BDD_Framework_LMS_Project/src/test/resources/Features/NoofRecords.feature"},{"name":"package","value":"Users.Indu.Indu_Files.BDD_Framework_LMS_Project.src.test.resources.Features.NoofRecords_feature.No of Records"}],"links":[],"name":"Validate that number of records (rows of data in the table) displayed","status":"broken","statusDetails":{"known":false,"muted":false,"flaky":false,"message":"no such element: Unable to locate element: {\"method\":\"xpath\",\"selector\":\"//button[@class='p-paginator-last p-paginator-element p-link p-ripple ng-star-inserted p-disabled']//parent::div/span[2]/button[@class='p-paginator-page p-paginator-element p-link p-highlight p-ripple ng-star-inserted']\"}\n  (Session info: chrome=105.0.5195.125)\nFor documentation on this error, please visit: https://selenium.dev/exceptions/#no_such_element\nBuild info: version: '4.4.0', revision: 'e5c75ed026a'\nSystem info: host: 'Aruns-MacBook-Pro.local', ip: '2607:fea8:f423:bb00:0:0:0:12f6%en0', os.name: 'Mac OS X', os.arch: 'x86_64', os.version: '12.6', java.version: '17.0.1'\nDriver info: org.openqa.selenium.chrome.ChromeDriver\nCommand: [a1b12452a1f6eab37a3b510368e76be3, findElement {using=xpath, value=//button[@class='p-paginator-last p-paginator-element p-link p-ripple ng-star-inserted p-disabled']//parent::div/span[2]/button[@class='p-paginator-page p-paginator-element p-link p-highlight p-ripple ng-star-inserted']}]\nCapabilities {acceptInsecureCerts: false, browserName: chrome, browserVersion: 105.0.5195.125, chrome: {chromedriverVersion: 105.0.5195.52 (412c95e51883..., userDataDir: /var/folders/8f/p8617mv91kz...}, goog:chromeOptions: {debuggerAddress: localhost:51500}, networkConnectionEnabled: false, pageLoadStrategy: normal, platformName: MAC, proxy: Proxy(), se:cdp: ws://localhost:51500/devtoo..., se:cdpVersion: 105.0.5195.125, setWindowRect: true, strictFileInteractability: false, timeouts: {implicit: 0, pageLoad: 300000, script: 30000}, unhandledPromptBehavior: dismiss and notify, webauthn:extension:credBlob: true, webauthn:extension:largeBlob: true, webauthn:virtualAuthenticators: true}\nSession ID: a1b12452a1f6eab37a3b510368e76be3","trace":"org.openqa.selenium.NoSuchElementException: no such element: Unable to locate element: {\"method\":\"xpath\",\"selector\":\"//button[@class='p-paginator-last p-paginator-element p-link p-ripple ng-star-inserted p-disabled']//parent::div/span[2]/button[@class='p-paginator-page p-paginator-element p-link p-highlight p-ripple ng-star-inserted']\"}\n  (Session info: chrome=105.0.5195.125)\nFor documentation on this error, please visit: https://selenium.dev/exceptions/#no_such_element\nBuild info: version: '4.4.0', revision: 'e5c75ed026a'\nSystem info: host: 'Aruns-MacBook-Pro.local', ip: '2607:fea8:f423:bb00:0:0:0:12f6%en0', os.name: 'Mac OS X', os.arch: 'x86_64', os.version: '12.6', java.version: '17.0.1'\nDriver info: org.openqa.selenium.chrome.ChromeDriver\nCommand: [a1b12452a1f6eab37a3b510368e76be3, findElement {using=xpath, value=//button[@class='p-paginator-last p-paginator-element p-link p-ripple ng-star-inserted p-disabled']//parent::div/span[2]/button[@class='p-paginator-page p-paginator-element p-link p-highlight p-ripple ng-star-inserted']}]\nCapabilities {acceptInsecureCerts: false, browserName: chrome, browserVersion: 105.0.5195.125, chrome: {chromedriverVersion: 105.0.5195.52 (412c95e51883..., userDataDir: /var/folders/8f/p8617mv91kz...}, goog:chromeOptions: {debuggerAddress: localhost:51500}, networkConnectionEnabled: false, pageLoadStrategy: normal, platformName: MAC, proxy: Proxy(), se:cdp: ws://localhost:51500/devtoo..., se:cdpVersion: 105.0.5195.125, setWindowRect: true, strictFileInteractability: false, timeouts: {implicit: 0, pageLoad: 300000, script: 30000}, unhandledPromptBehavior: dismiss and notify, webauthn:extension:credBlob: true, webauthn:extension:largeBlob: true, webauthn:virtualAuthenticators: true}\nSession ID: a1b12452a1f6eab37a3b510368e76be3\n\tat java.base/jdk.internal.reflect.NativeConstructorAccessorImpl.newInstance0(Native Method)\n\tat java.base/jdk.internal.reflect.NativeConstructorAccessorImpl.newInstance(NativeConstructorAccessorImpl.java:77)\n\tat java.base/jdk.internal.reflect.DelegatingConstructorAccessorImpl.newInstance(DelegatingConstructorAccessorImpl.java:45)\n\tat java.base/java.lang.reflect.Constructor.newInstanceWithCaller(Constructor.java:499)\n\tat java.base/java.lang.reflect.Constructor.newInstance(Constructor.java:480)\n\tat org.openqa.selenium.remote.codec.w3c.W3CHttpResponseCodec.createException(W3CHttpResponseCodec.java:200)\n\tat org.openqa.selenium.remote.codec.w3c.W3CHttpResponseCodec.decode(W3CHttpResponseCodec.java:133)\n\tat org.openqa.selenium.remote.codec.w3c.W3CHttpResponseCodec.decode(W3CHttpResponseCodec.java:53)\n\tat org.openqa.selenium.remote.HttpCommandExecutor.execute(HttpCommandExecutor.java:184)\n\tat org.openqa.selenium.remote.service.DriverCommandExecutor.invokeExecute(DriverCommandExecutor.java:167)\n\tat org.openqa.selenium.remote.service.DriverCommandExecutor.execute(DriverCommandExecutor.java:142)\n\tat org.openqa.selenium.remote.RemoteWebDriver.execute(RemoteWebDriver.java:547)\n\tat org.openqa.selenium.remote.ElementLocation$ElementFinder$2.findElement(ElementLocation.java:162)\n\tat org.openqa.selenium.remote.ElementLocation.findElement(ElementLocation.java:60)\n\tat org.openqa.selenium.remote.RemoteWebDriver.findElement(RemoteWebDriver.java:365)\n\tat org.openqa.selenium.remote.RemoteWebDriver.findElement(RemoteWebDriver.java:357)\n\tat org.openqa.selenium.support.pagefactory.DefaultElementLocator.findElement(DefaultElementLocator.java:70)\n\tat org.openqa.selenium.support.pagefactory.internal.LocatingElementHandler.invoke(LocatingElementHandler.java:39)\n\tat jdk.proxy2/jdk.proxy2.$Proxy21.getText(Unknown Source)\n\tat LMS_Pages.ProgramPageFooter.countOfGrid(ProgramPageFooter.java:189)\n\tat stepDefinition.progstepdef.verify_that_number_of_records_rows_of_data_in_the_table_displayed_on_the_page(progstepdef.java:107)\n\tat ✽.Verify that number of records (rows of data in the table) displayed on the page.(file:///Users/Indu/Indu_Files/BDD_Framework_LMS_Project/src/test/resources/Features/NoofRecords.feature:6)\n"},"stage":"finished","steps":[{"name":"Given  User is logged with valid \"LMS\" and \"LMS\" on to LMS website","status":"passed","statusDetails":{"known":false,"muted":false,"flaky":false},"stage":"finished","steps":[],"attachments":[],"parameters":[],"start":1664242244934,"stop":1664242247989},{"name":"When  User is on Program page","status":"passed","statusDetails":{"known":false,"muted":false,"flaky":false},"stage":"finished","steps":[],"attachments":[],"parameters":[],"start":1664242247989,"stop":1664242247998},{"name":"Then  Verify that number of records (rows of data in the table) displayed on the page.","status":"broken","statusDetails":{"known":false,"muted":false,"flaky":false,"message":"no such element: Unable to locate element: {\"method\":\"xpath\",\"selector\":\"//button[@class='p-paginator-last p-paginator-element p-link p-ripple ng-star-inserted p-disabled']//parent::div/span[2]/button[@class='p-paginator-page p-paginator-element p-link p-highlight p-ripple ng-star-inserted']\"}\n  (Session info: chrome=105.0.5195.125)\nFor documentation on this error, please visit: https://selenium.dev/exceptions/#no_such_element\nBuild info: version: '4.4.0', revision: 'e5c75ed026a'\nSystem info: host: 'Aruns-MacBook-Pro.local', ip: '2607:fea8:f423:bb00:0:0:0:12f6%en0', os.name: 'Mac OS X', os.arch: 'x86_64', os.version: '12.6', java.version: '17.0.1'\nDriver info: org.openqa.selenium.chrome.ChromeDriver\nCommand: [a1b12452a1f6eab37a3b510368e76be3, findElement {using=xpath, value=//button[@class='p-paginator-last p-paginator-element p-link p-ripple ng-star-inserted p-disabled']//parent::div/span[2]/button[@class='p-paginator-page p-paginator-element p-link p-highlight p-ripple ng-star-inserted']}]\nCapabilities {acceptInsecureCerts: false, browserName: chrome, browserVersion: 105.0.5195.125, chrome: {chromedriverVersion: 105.0.5195.52 (412c95e51883..., userDataDir: /var/folders/8f/p8617mv91kz...}, goog:chromeOptions: {debuggerAddress: localhost:51500}, networkConnectionEnabled: false, pageLoadStrategy: normal, platformName: MAC, proxy: Proxy(), se:cdp: ws://localhost:51500/devtoo..., se:cdpVersion: 105.0.5195.125, setWindowRect: true, strictFileInteractability: false, timeouts: {implicit: 0, pageLoad: 300000, script: 30000}, unhandledPromptBehavior: dismiss and notify, webauthn:extension:credBlob: true, webauthn:extension:largeBlob: true, webauthn:virtualAuthenticators: true}\nSession ID: a1b12452a1f6eab37a3b510368e76be3","trace":"org.openqa.selenium.NoSuchElementException: no such element: Unable to locate element: {\"method\":\"xpath\",\"selector\":\"//button[@class='p-paginator-last p-paginator-element p-link p-ripple ng-star-inserted p-disabled']//parent::div/span[2]/button[@class='p-paginator-page p-paginator-element p-link p-highlight p-ripple ng-star-inserted']\"}\n  (Session info: chrome=105.0.5195.125)\nFor documentation on this error, please visit: https://selenium.dev/exceptions/#no_such_element\nBuild info: version: '4.4.0', revision: 'e5c75ed026a'\nSystem info: host: 'Aruns-MacBook-Pro.local', ip: '2607:fea8:f423:bb00:0:0:0:12f6%en0', os.name: 'Mac OS X', os.arch: 'x86_64', os.version: '12.6', java.version: '17.0.1'\nDriver info: org.openqa.selenium.chrome.ChromeDriver\nCommand: [a1b12452a1f6eab37a3b510368e76be3, findElement {using=xpath, value=//button[@class='p-paginator-last p-paginator-element p-link p-ripple ng-star-inserted p-disabled']//parent::div/span[2]/button[@class='p-paginator-page p-paginator-element p-link p-highlight p-ripple ng-star-inserted']}]\nCapabilities {acceptInsecureCerts: false, browserName: chrome, browserVersion: 105.0.5195.125, chrome: {chromedriverVersion: 105.0.5195.52 (412c95e51883..., userDataDir: /var/folders/8f/p8617mv91kz...}, goog:chromeOptions: {debuggerAddress: localhost:51500}, networkConnectionEnabled: false, pageLoadStrategy: normal, platformName: MAC, proxy: Proxy(), se:cdp: ws://localhost:51500/devtoo..., se:cdpVersion: 105.0.5195.125, setWindowRect: true, strictFileInteractability: false, timeouts: {implicit: 0, pageLoad: 300000, script: 30000}, unhandledPromptBehavior: dismiss and notify, webauthn:extension:credBlob: true, webauthn:extension:largeBlob: true, webauthn:virtualAuthenticators: true}\nSession ID: a1b12452a1f6eab37a3b510368e76be3\n\tat java.base/jdk.internal.reflect.NativeConstructorAccessorImpl.newInstance0(Native Method)\n\tat java.base/jdk.internal.reflect.NativeConstructorAccessorImpl.newInstance(NativeConstructorAccessorImpl.java:77)\n\tat java.base/jdk.internal.reflect.DelegatingConstructorAccessorImpl.newInstance(DelegatingConstructorAccessorImpl.java:45)\n\tat java.base/java.lang.reflect.Constructor.newInstanceWithCaller(Constructor.java:499)\n\tat java.base/java.lang.reflect.Constructor.newInstance(Constructor.java:480)\n\tat org.openqa.selenium.remote.codec.w3c.W3CHttpResponseCodec.createException(W3CHttpResponseCodec.java:200)\n\tat org.openqa.selenium.remote.codec.w3c.W3CHttpResponseCodec.decode(W3CHttpResponseCodec.java:133)\n\tat org.openqa.selenium.remote.codec.w3c.W3CHttpResponseCodec.decode(W3CHttpResponseCodec.java:53)\n\tat org.openqa.selenium.remote.HttpCommandExecutor.execute(HttpCommandExecutor.java:184)\n\tat org.openqa.selenium.remote.service.DriverCommandExecutor.invokeExecute(DriverCommandExecutor.java:167)\n\tat org.openqa.selenium.remote.service.DriverCommandExecutor.execute(DriverCommandExecutor.java:142)\n\tat org.openqa.selenium.remote.RemoteWebDriver.execute(RemoteWebDriver.java:547)\n\tat org.openqa.selenium.remote.ElementLocation$ElementFinder$2.findElement(ElementLocation.java:162)\n\tat org.openqa.selenium.remote.ElementLocation.findElement(ElementLocation.java:60)\n\tat org.openqa.selenium.remote.RemoteWebDriver.findElement(RemoteWebDriver.java:365)\n\tat org.openqa.selenium.remote.RemoteWebDriver.findElement(RemoteWebDriver.java:357)\n\tat org.openqa.selenium.support.pagefactory.DefaultElementLocator.findElement(DefaultElementLocator.java:70)\n\tat org.openqa.selenium.support.pagefactory.internal.LocatingElementHandler.invoke(LocatingElementHandler.java:39)\n\tat jdk.proxy2/jdk.proxy2.$Proxy21.getText(Unknown Source)\n\tat LMS_Pages.ProgramPageFooter.countOfGrid(ProgramPageFooter.java:189)\n\tat stepDefinition.progstepdef.verify_that_number_of_records_rows_of_data_in_the_table_displayed_on_the_page(progstepdef.java:107)\n\tat ✽.Verify that number of records (rows of data in the table) displayed on the page.(file:///Users/Indu/Indu_Files/BDD_Framework_LMS_Project/src/test/resources/Features/NoofRecords.feature:6)\n"},"stage":"finished","steps":[],"attachments":[],"parameters":[],"start":1664242247998,"stop":1664242281163},{"name":"And  Close Browser","status":"skipped","statusDetails":{"known":false,"muted":false,"flaky":false},"stage":"finished","steps":[],"attachments":[],"parameters":[],"start":1664242281164,"stop":1664242281164}],"attachments":[],"parameters":[{"name":"username","value":"\"LMS\""},{"name":"password","value":"\"LMS\""},{"name":"noofpages","value":"\"Showing 1 to 5 of 22 entries\""}],"start":1664242244934,"stop":1664242281174}